<?xml version="1.0" ?>
<coverage version="7.10.4" timestamp="1756897747121" lines-valid="7" lines-covered="5" line-rate="0.7143" branches-covered="0" branches-valid="0" branch-rate="0" complexity="0">
	<!-- Generated by coverage.py: https://coverage.readthedocs.io/en/7.10.4 -->
	<!-- Based on https://raw.githubusercontent.com/cobertura/web/master/htdocs/xml/coverage-04.dtd -->
	<sources>
		<source>/home/diego/Escritorio/diegocompu/trabajo final/computacion-2025-08-20-integracion-continua-Diego-bit-droid</source>
	</sources>
	<packages>
		<package name="." line-rate="0.7143" branch-rate="0" complexity="0">
			<classes>
				<class name="main.py" filename="main.py" complexity="0" line-rate="0.7143" branch-rate="0">
					<methods/>
					<lines>
						<line number="1" hits="1"/>
						<line number="3" hits="1"/>
						<line number="4" hits="1"/>
						<line number="5" hits="1"/>
						<line number="6" hits="1"/>
						<line number="7" hits="0"/>
						<line number="8" hits="0"/>
					</lines>
				</class>
			</classes>
		</package>
	</packages>
</coverage>
